Build started 8-8-2015 22:14:25.
     1>Project "C:\Users\Marcel\Desktop\KMINT\Week 5\Framework\SDLFramework\SDLFramework\SDLFramework.vcxproj" on node 2 (Build target(s)).
     1>ClCompile:
         C:\Program Files (x86)\Microsoft Visual Studio 12.0\VC\bin\CL.exe /c /I"C:\Users\Marcel\Desktop\KMINT\Week 5\Framework\SDLFramework\SDLFramework\../../SDL2-2.0.3/include" /I"C:\Users\Marcel\Desktop\KMINT\Week 5\Framework\SDLFramework\SDLFramework\../../SDL2_ttf-2.0.12/include" /I"C:\Users\Marcel\Desktop\KMINT\Week 5\Framework\SDLFramework\SDLFramework\../../SDL2_image-2.0.0/include" /ZI /nologo /W3 /WX- /sdl /Od /Oy- /D WIN32 /D _DEBUG /D _CONSOLE /D _LIB /D _UNICODE /D UNICODE /Gm /EHsc /RTC1 /MDd /GS /fp:precise /Zc:wchar_t /Zc:forScope /Fo"Debug\\" /Fd"Debug\vc120.pdb" /Gd /TP /analyze- /errorReport:prompt ASTar.cpp AStarNode.cpp Bunny.cpp Character.cpp ChaseState.cpp Cow.cpp FleeState.cpp FWApplication.cpp Instance.cpp Item.cpp Main.cpp MovingEntity.cpp Node.cpp SearchState.cpp SleepState.cpp State.cpp SteeringBehaviors.cpp WanderingState.cpp Waypoint.cpp
         Waypoint.cpp
         WanderingState.cpp
         SteeringBehaviors.cpp
         State.cpp
         SleepState.cpp
         SearchState.cpp
         Node.cpp
         MovingEntity.cpp
         Main.cpp
         Item.cpp
         Instance.cpp
     1>c:\users\marcel\desktop\kmint\week 5\framework\sdlframework\sdlframework\instance.cpp(5): error C2039: 'Generation' : is not a member of 'Instance'
                 c:\users\marcel\desktop\kmint\week 5\framework\sdlframework\sdlframework\instance.h(10) : see declaration of 'Instance'
     1>c:\users\marcel\desktop\kmint\week 5\framework\sdlframework\sdlframework\instance.cpp(5): error C4430: missing type specifier - int assumed. Note: C++ does not support default-int
     1>c:\users\marcel\desktop\kmint\week 5\framework\sdlframework\sdlframework\instance.cpp(6): warning C4508: 'Generation' : function should return a value; 'void' return type assumed
     1>c:\users\marcel\desktop\kmint\week 5\framework\sdlframework\sdlframework\instance.cpp(9): error C2523: 'Instance::~Generation' : destructor tag mismatch
         FWApplication.cpp
         FleeState.cpp
         Cow.cpp
         ChaseState.cpp
         Character.cpp
         Bunny.cpp
         AStarNode.cpp
         ASTar.cpp
         Generating Code...
     1>Done Building Project "C:\Users\Marcel\Desktop\KMINT\Week 5\Framework\SDLFramework\SDLFramework\SDLFramework.vcxproj" (Build target(s)) -- FAILED.

Build FAILED.

Time Elapsed 00:00:20.02
